[debug] [2021-10-21T12:32:15.361Z] ----------------------------------------------------------------------
[debug] [2021-10-21T12:32:15.363Z] Command:       C:\Program Files\nodejs\node.exe C:\Users\rajat\AppData\Roaming\npm\node_modules\firebase-tools\lib\bin\firebase.js init
[debug] [2021-10-21T12:32:15.364Z] CLI Version:   9.20.0
[debug] [2021-10-21T12:32:15.364Z] Platform:      win32
[debug] [2021-10-21T12:32:15.364Z] Node Version:  v16.11.1
[debug] [2021-10-21T12:32:15.365Z] Time:          Thu Oct 21 2021 18:02:15 GMT+0530 (India Standard Time)
[debug] [2021-10-21T12:32:15.365Z] ----------------------------------------------------------------------
[debug] 
[debug] [2021-10-21T12:32:15.372Z] > command requires scopes: ["email","openid","https://www.googleapis.com/auth/cloudplatformprojects.readonly","https://www.googleapis.com/auth/firebase","https://www.googleapis.com/auth/cloud-platform"]
[debug] [2021-10-21T12:32:15.372Z] > authorizing via signed-in user (rajathar6@gmail.com)
[info] 
     ######## #### ########  ######## ########     ###     ######  ########
     ##        ##  ##     ## ##       ##     ##  ##   ##  ##       ##
     ######    ##  ########  ######   ########  #########  ######  ######
     ##        ##  ##    ##  ##       ##     ## ##     ##       ## ##
     ##       #### ##     ## ######## ########  ##     ##  ######  ########

You're about to initialize a Firebase project in this directory:

  E:\Rajath web\rajathar portfolio

[info] 
=== Project Setup
[info] 
[info] First, let's associate this project directory with a Firebase project.
[info] You can create multiple project aliases by running firebase use --add, 
[info] but for now we'll just set up a default project.
[info] 
[debug] [2021-10-21T12:32:32.391Z] > refreshing access token with scopes: []
[debug] [2021-10-21T12:32:32.392Z] >>> HTTP REQUEST POST https://www.googleapis.com/oauth2/v3/token  
 <request body omitted>
[debug] [2021-10-21T12:32:32.708Z] <<< HTTP RESPONSE 200 {"date":"Thu, 21 Oct 2021 12:32:32 GMT","cache-control":"no-cache, no-store, max-age=0, must-revalidate","pragma":"no-cache","expires":"Mon, 01 Jan 1990 00:00:00 GMT","content-type":"application/json; charset=utf-8","vary":"X-Origin, Referer, Origin,Accept-Encoding","server":"scaffolding on HTTPServer2","x-xss-protection":"0","x-frame-options":"SAMEORIGIN","x-content-type-options":"nosniff","alt-svc":"h3=\":443\"; ma=2592000,h3-29=\":443\"; ma=2592000,h3-T051=\":443\"; ma=2592000,h3-Q050=\":443\"; ma=2592000,h3-Q046=\":443\"; ma=2592000,h3-Q043=\":443\"; ma=2592000,quic=\":443\"; ma=2592000; v=\"46,43\"","accept-ranges":"none","transfer-encoding":"chunked"}
[debug] [2021-10-21T12:32:32.783Z] >>> [apiv2][query] GET https://firebase.googleapis.com/v1beta1/projects pageSize=100
[debug] [2021-10-21T12:32:33.716Z] <<< [apiv2][status] GET https://firebase.googleapis.com/v1beta1/projects 200
[debug] [2021-10-21T12:32:33.716Z] <<< [apiv2][body] GET https://firebase.googleapis.com/v1beta1/projects [omitted]
[info] i  Using project first-website-5632f (first website) 
[info] 
=== Hosting:github Setup
[info] 
[info] i  Didn't detect a .git folder. Assuming E:\Rajath web\rajathar portfolio is the project root. 
[info] i  Authorizing with GitHub to upload your service account to a GitHub repository's secrets store. 
[info] 
[info] Visit this URL on this device to log in:
[info] https://github.com/login/oauth/authorize?client_id=89cf50f02ac6aaed3484&state=157449822&redirect_uri=http%3A%2F%2Flocalhost%3A9005&scope=read%3Auser%20repo%20public_repo
[info] 
[info] Waiting for authentication...
[debug] [2021-10-21T12:32:40.590Z] >>> HTTP REQUEST POST https://github.com/login/oauth/access_token  
 {"client_id":"89cf50f02ac6aaed3484","client_secret":"3330d14abc895d9a74d5f17cd7a00711fa2c5bf0","code":"3152af77e76a6666e456","redirect_uri":"http://localhost:9005","state":"157449822"}
[debug] [2021-10-21T12:32:40.993Z] <<< HTTP RESPONSE 200 {"server":"GitHub.com","date":"Thu, 21 Oct 2021 12:32:40 GMT","content-type":"application/json; charset=utf-8","transfer-encoding":"chunked","vary":"X-PJAX, X-PJAX-Container, Accept-Encoding, Accept, X-Requested-With","permissions-policy":"interest-cohort=()","etag":"W/\"2acf6dd225c1b452ded94d29baef554f\"","cache-control":"max-age=0, private, must-revalidate","strict-transport-security":"max-age=31536000; includeSubdomains; preload","x-frame-options":"deny","x-content-type-options":"nosniff","x-xss-protection":"0","referrer-policy":"origin-when-cross-origin, strict-origin-when-cross-origin","expect-ct":"max-age=2592000, report-uri=\"https://api.github.com/_private/browser/errors\"","content-security-policy":"default-src 'none'; base-uri 'self'; block-all-mixed-content; child-src github.com/assets-cdn/worker/ gist.github.com/assets-cdn/worker/; connect-src 'self' uploads.github.com objects-origin.githubusercontent.com www.githubstatus.com collector.githubapp.com api.github.com github-cloud.s3.amazonaws.com github-production-repository-file-5c1aeb.s3.amazonaws.com github-production-upload-manifest-file-7fdce7.s3.amazonaws.com github-production-user-asset-6210df.s3.amazonaws.com cdn.optimizely.com logx.optimizely.com/v1/events translator.github.com wss://alive.github.com; font-src github.githubassets.com; form-action 'self' github.com gist.github.com objects-origin.githubusercontent.com; frame-ancestors 'none'; frame-src render.githubusercontent.com viewscreen.githubusercontent.com; img-src 'self' data: github.githubassets.com identicons.github.com collector.githubapp.com github-cloud.s3.amazonaws.com secured-user-images.githubusercontent.com/ *.githubusercontent.com; manifest-src 'self'; media-src github.com user-images.githubusercontent.com/; script-src github.githubassets.com; style-src 'unsafe-inline' github.githubassets.com; worker-src github.com/assets-cdn/worker/ gist.github.com/assets-cdn/worker/","x-github-request-id":"CB31:11F7:4F2907:5984CE:61715DE8"}
[debug] [2021-10-21T12:32:40.998Z] >>> [apiv2][query] GET https://api.github.com/user [none]
[debug] [2021-10-21T12:32:41.429Z] <<< [apiv2][status] GET https://api.github.com/user 200
[debug] [2021-10-21T12:32:41.430Z] <<< [apiv2][body] GET https://api.github.com/user {"login":"rajathar4","id":92567686,"node_id":"U_kgDOBYR4hg","avatar_url":"https://avatars.githubusercontent.com/u/92567686?v=4","gravatar_id":"","url":"https://api.github.com/users/rajathar4","html_url":"https://github.com/rajathar4","followers_url":"https://api.github.com/users/rajathar4/followers","following_url":"https://api.github.com/users/rajathar4/following{/other_user}","gists_url":"https://api.github.com/users/rajathar4/gists{/gist_id}","starred_url":"https://api.github.com/users/rajathar4/starred{/owner}{/repo}","subscriptions_url":"https://api.github.com/users/rajathar4/subscriptions","organizations_url":"https://api.github.com/users/rajathar4/orgs","repos_url":"https://api.github.com/users/rajathar4/repos","events_url":"https://api.github.com/users/rajathar4/events{/privacy}","received_events_url":"https://api.github.com/users/rajathar4/received_events","type":"User","site_admin":false,"name":"Rajath A R","company":null,"blog":"","location":"Bangalore ","email":null,"hireable":null,"bio":null,"twitter_username":null,"public_repos":1,"public_gists":0,"followers":0,"following":0,"created_at":"2021-10-15T06:16:36Z","updated_at":"2021-10-17T08:52:44Z","private_gists":0,"total_private_repos":0,"owned_private_repos":0,"disk_usage":2,"collaborators":0,"two_factor_authentication":false,"plan":{"name":"free","space":976562499,"collaborators":0,"private_repos":10000}}
[info] 
[info] +  Success! Logged into GitHub as rajathar4 
[info] 
[debug] [2021-10-21T12:32:53.872Z] >>> [apiv2][query] GET https://api.github.com/repos/user/actions/secrets/public-key type=owner
[debug] [2021-10-21T12:32:54.274Z] <<< [apiv2][status] GET https://api.github.com/repos/user/actions/secrets/public-key 404
[debug] [2021-10-21T12:32:54.275Z] <<< [apiv2][body] GET https://api.github.com/repos/user/actions/secrets/public-key {"message":"Not Found","documentation_url":"https://docs.github.com/rest"}
[debug] [2021-10-21T12:33:30.525Z] >>> [apiv2][query] GET https://api.github.com/repos/rajathar4/actions/secrets/public-key type=owner
[debug] [2021-10-21T12:33:31.939Z] <<< [apiv2][status] GET https://api.github.com/repos/rajathar4/actions/secrets/public-key 404
[debug] [2021-10-21T12:33:31.940Z] <<< [apiv2][body] GET https://api.github.com/repos/rajathar4/actions/secrets/public-key {"message":"Not Found","documentation_url":"https://docs.github.com/rest"}
[debug] [2021-10-21T12:33:42.675Z] >>> [apiv2][query] GET https://api.github.com/repos/user/actions/secrets/public-key type=owner
[debug] [2021-10-21T12:33:43.041Z] <<< [apiv2][status] GET https://api.github.com/repos/user/actions/secrets/public-key 404
[debug] [2021-10-21T12:33:43.041Z] <<< [apiv2][body] GET https://api.github.com/repos/user/actions/secrets/public-key {"message":"Not Found","documentation_url":"https://docs.github.com/rest"}
[debug] [2021-10-21T12:34:04.428Z] >>> [apiv2][query] GET https://api.github.com/repos/repository/actions/secrets/public-key type=owner
[debug] [2021-10-21T12:34:04.832Z] <<< [apiv2][status] GET https://api.github.com/repos/repository/actions/secrets/public-key 404
[debug] [2021-10-21T12:34:04.833Z] <<< [apiv2][body] GET https://api.github.com/repos/repository/actions/secrets/public-key {"message":"Not Found","documentation_url":"https://docs.github.com/rest"}
